The system is: Linux - sh: 0: getcwd() failed: No such file or directory
4.15.0-169-generic - sh: 0: getcwd() failed: No such file or directory
x86_64
Determining if the C compiler works passed with the following output:
Change Dir: /root/project/chat/build/CMakeFiles/CMakeTmp

Run Build Command:"/usr/bin/ninja" "cmTC_885f5"
[1/2] Building C object CMakeFiles/cmTC_885f5.dir/testCCompiler.c.o
[2/2] Linking C executable cmTC_885f5


Detecting C compiler ABI info compiled with the following output:
Change Dir: /root/project/chat/build/CMakeFiles/CMakeTmp

Run Build Command:"/usr/bin/ninja" "cmTC_96689"
[1/2] Building C object CMakeFiles/cmTC_96689.dir/CMakeCCompilerABI.c.o
[2/2] Linking C executable cmTC_96689


Determining if the CXX compiler works passed with the following output:
Change Dir: /root/project/chat/build/CMakeFiles/CMakeTmp

Run Build Command:"/usr/bin/ninja" "cmTC_9e3c4"
[1/2] Building CXX object CMakeFiles/cmTC_9e3c4.dir/testCXXCompiler.cxx.o
[2/2] Linking CXX executable cmTC_9e3c4


Detecting CXX compiler ABI info compiled with the following output:
Change Dir: /root/project/chat/build/CMakeFiles/CMakeTmp

Run Build Command:"/usr/bin/ninja" "cmTC_1b788"
[1/2] Building CXX object CMakeFiles/cmTC_1b788.dir/CMakeCXXCompilerABI.cpp.o
[2/2] Linking CXX executable cmTC_1b788


